WARNING: An illegal reflective access operation has occurred
WARNING: Illegal reflective access by com.google.inject.internal.cglib.core.$ReflectUtils$1 (file:/usr/share/maven/lib/guice.jar) to method java.lang.ClassLoader.defineClass(java.lang.String,byte[],int,int,java.security.ProtectionDomain)
WARNING: Please consider reporting this to the maintainers of com.google.inject.internal.cglib.core.$ReflectUtils$1
WARNING: Use --illegal-access=warn to enable warnings of further illegal reflective access operations
WARNING: All illegal access operations will be denied in a future release
[[1;34mINFO[m] Scanning for projects...
[[1;34mINFO[m] 
[[1;34mINFO[m] [1m----------------------< [0;36morg.ics.roshan:messenger[0;1m >----------------------[m
[[1;34mINFO[m] [1mBuilding messenger 0.0.1-SNAPSHOT[m
[[1;34mINFO[m] [1m--------------------------------[ war ]---------------------------------[m
[[1;34mINFO[m] 
[[1;34mINFO[m] [1m>>> [0;32mtomcat7-maven-plugin:2.2:run[m [1m(default-cli)[0;1m > [0;1mprocess-classes[m @ [36mmessenger[0;1m >>>[m
[[1;34mINFO[m] 
[[1;34mINFO[m] [1m--- [0;32mmaven-resources-plugin:2.6:resources[m [1m(default-resources)[m @ [36mmessenger[0;1m ---[m
[[1;34mINFO[m] Using 'UTF-8' encoding to copy filtered resources.
[[1;34mINFO[m] Copying 0 resource
[[1;34mINFO[m] 
[[1;34mINFO[m] [1m--- [0;32mmaven-compiler-plugin:2.5.1:compile[m [1m(default-compile)[m @ [36mmessenger[0;1m ---[m
[[1;34mINFO[m] Nothing to compile - all classes are up to date
[[1;34mINFO[m] 
[[1;34mINFO[m] [1m<<< [0;32mtomcat7-maven-plugin:2.2:run[m [1m(default-cli)[0;1m < [0;1mprocess-classes[m @ [36mmessenger[0;1m <<<[m
[[1;34mINFO[m] 
[[1;34mINFO[m] 
[[1;34mINFO[m] [1m--- [0;32mtomcat7-maven-plugin:2.2:run[m [1m(default-cli)[m @ [36mmessenger[0;1m ---[m
[[1;34mINFO[m] Running war on http://localhost:8080/
[[1;34mINFO[m] Using existing Tomcat server configuration at /home/roshan/ics/messenger/target/tomcat
[[1;34mINFO[m] create webapp with contextPath: 
Aug 06, 2021 12:51:55 PM org.apache.coyote.AbstractProtocol init
INFO: Initializing ProtocolHandler ["http-bio-8080"]
Aug 06, 2021 12:51:55 PM org.apache.catalina.core.StandardService startInternal
INFO: Starting service Tomcat
Aug 06, 2021 12:51:55 PM org.apache.catalina.core.StandardEngine startInternal
INFO: Starting Servlet Engine: Apache Tomcat/7.0.47
Aug 06, 2021 12:51:56 PM org.apache.catalina.startup.ContextConfig processAnnotationsJar
SEVERE: Unable to process Jar entry [module-info.class] from Jar [jar:file:/home/roshan/.m2/repository/javax/xml/bind/jaxb-api/2.3.1/jaxb-api-2.3.1.jar!/] for annotations
org.apache.tomcat.util.bcel.classfile.ClassFormatException: Invalid byte tag in constant pool: 19
	at org.apache.tomcat.util.bcel.classfile.Constant.readConstant(Constant.java:133)
	at org.apache.tomcat.util.bcel.classfile.ConstantPool.<init>(ConstantPool.java:60)
	at org.apache.tomcat.util.bcel.classfile.ClassParser.readConstantPool(ClassParser.java:209)
	at org.apache.tomcat.util.bcel.classfile.ClassParser.parse(ClassParser.java:119)
	at org.apache.catalina.startup.ContextConfig.processAnnotationsStream(ContextConfig.java:2134)
	at org.apache.catalina.startup.ContextConfig.processAnnotationsJar(ContextConfig.java:2010)
	at org.apache.catalina.startup.ContextConfig.processAnnotationsUrl(ContextConfig.java:1976)
	at org.apache.catalina.startup.ContextConfig.processAnnotations(ContextConfig.java:1961)
	at org.apache.catalina.startup.ContextConfig.webConfig(ContextConfig.java:1319)
	at org.apache.catalina.startup.ContextConfig.configureStart(ContextConfig.java:878)
	at org.apache.catalina.startup.ContextConfig.lifecycleEvent(ContextConfig.java:376)
	at org.apache.catalina.util.LifecycleSupport.fireLifecycleEvent(LifecycleSupport.java:119)
	at org.apache.catalina.util.LifecycleBase.fireLifecycleEvent(LifecycleBase.java:90)
	at org.apache.catalina.core.StandardContext.startInternal(StandardContext.java:5322)
	at org.apache.catalina.util.LifecycleBase.start(LifecycleBase.java:150)
	at org.apache.catalina.core.ContainerBase$StartChild.call(ContainerBase.java:1559)
	at org.apache.catalina.core.ContainerBase$StartChild.call(ContainerBase.java:1549)
	at java.base/java.util.concurrent.FutureTask.run(FutureTask.java:264)
	at java.base/java.util.concurrent.ThreadPoolExecutor.runWorker(ThreadPoolExecutor.java:1128)
	at java.base/java.util.concurrent.ThreadPoolExecutor$Worker.run(ThreadPoolExecutor.java:628)
	at java.base/java.lang.Thread.run(Thread.java:834)

Aug 06, 2021 12:51:57 PM org.apache.coyote.AbstractProtocol start
INFO: Starting ProtocolHandler ["http-bio-8080"]
